<?xml version="1.0" encoding="UTF-8"?>
<testsuite name="br.com.ErrorCenter.ErrorCenterApplicationTests" tests="1" skipped="0" failures="0" errors="0" timestamp="2020-05-04T17:40:34" hostname="guerreiro" time="0.012">
  <properties/>
  <testcase name="contextLoads()" classname="br.com.ErrorCenter.ErrorCenterApplicationTests" time="0.012"/>
  <system-out><![CDATA[2020-05-04 14:40:32.579  INFO 8208 --- [    Test worker] .b.t.c.SpringBootTestContextBootstrapper : Neither @ContextConfiguration nor @ContextHierarchy found for test class [br.com.ErrorCenter.ErrorCenterApplicationTests], using SpringBootContextLoader
2020-05-04 14:40:32.580  INFO 8208 --- [    Test worker] o.s.t.c.support.AbstractContextLoader    : Could not detect default resource locations for test class [br.com.ErrorCenter.ErrorCenterApplicationTests]: no resource found for suffixes {-context.xml, Context.groovy}.
2020-05-04 14:40:32.580  INFO 8208 --- [    Test worker] t.c.s.AnnotationConfigContextLoaderUtils : Could not detect default configuration classes for test class [br.com.ErrorCenter.ErrorCenterApplicationTests]: ErrorCenterApplicationTests does not declare any static, non-private, non-final, nested classes annotated with @Configuration.
2020-05-04 14:40:32.584  INFO 8208 --- [    Test worker] .b.t.c.SpringBootTestContextBootstrapper : Found @SpringBootConfiguration br.com.ErrorCenter.ErrorCenterApplication for test class br.com.ErrorCenter.ErrorCenterApplicationTests
2020-05-04 14:40:32.586  INFO 8208 --- [    Test worker] .b.t.c.SpringBootTestContextBootstrapper : Loaded default TestExecutionListener class names from location [META-INF/spring.factories]: [org.springframework.boot.test.autoconfigure.restdocs.RestDocsTestExecutionListener, org.springframework.boot.test.autoconfigure.web.client.MockRestServiceServerResetTestExecutionListener, org.springframework.boot.test.autoconfigure.web.servlet.MockMvcPrintOnlyOnFailureTestExecutionListener, org.springframework.boot.test.autoconfigure.web.servlet.WebDriverTestExecutionListener, org.springframework.boot.test.mock.mockito.MockitoTestExecutionListener, org.springframework.boot.test.mock.mockito.ResetMocksTestExecutionListener, org.springframework.test.context.web.ServletTestExecutionListener, org.springframework.test.context.support.DirtiesContextBeforeModesTestExecutionListener, org.springframework.test.context.support.DependencyInjectionTestExecutionListener, org.springframework.test.context.support.DirtiesContextTestExecutionListener, org.springframework.test.context.transaction.TransactionalTestExecutionListener, org.springframework.test.context.jdbc.SqlScriptsTestExecutionListener, org.springframework.test.context.event.EventPublishingTestExecutionListener]
2020-05-04 14:40:32.586  INFO 8208 --- [    Test worker] .b.t.c.SpringBootTestContextBootstrapper : Using TestExecutionListeners: [org.springframework.test.context.web.ServletTestExecutionListener@72a325c6, org.springframework.test.context.support.DirtiesContextBeforeModesTestExecutionListener@553f4b92, org.springframework.boot.test.mock.mockito.MockitoTestExecutionListener@6f587a54, org.springframework.boot.test.autoconfigure.SpringBootDependencyInjectionTestExecutionListener@e4566b0, org.springframework.test.context.support.DirtiesContextTestExecutionListener@65a3ffab, org.springframework.test.context.transaction.TransactionalTestExecutionListener@4aef4b56, org.springframework.test.context.jdbc.SqlScriptsTestExecutionListener@66c91285, org.springframework.test.context.event.EventPublishingTestExecutionListener@439c980a, org.springframework.boot.test.autoconfigure.restdocs.RestDocsTestExecutionListener@39b87975, org.springframework.boot.test.autoconfigure.web.client.MockRestServiceServerResetTestExecutionListener@93d20ef, org.springframework.boot.test.autoconfigure.web.servlet.MockMvcPrintOnlyOnFailureTestExecutionListener@27ce5677, org.springframework.boot.test.autoconfigure.web.servlet.WebDriverTestExecutionListener@b5c64c, org.springframework.boot.test.mock.mockito.ResetMocksTestExecutionListener@7abc64fe]

  .   ____          _            __ _ _
 /\\ / ___'_ __ _ _(_)_ __  __ _ \ \ \ \
( ( )\___ | '_ | '_| | '_ \/ _` | \ \ \ \
 \\/  ___)| |_)| | | | | || (_| |  ) ) ) )
  '  |____| .__|_| |_|_| |_\__, | / / / /
 =========|_|==============|___/=/_/_/_/
 :: Spring Boot ::        (v2.2.6.RELEASE)

2020-05-04 14:40:32.620  INFO 8208 --- [    Test worker] b.c.E.ErrorCenterApplicationTests        : Starting ErrorCenterApplicationTests on guerreiro with PID 8208 (started by guerreiro in /home/guerreiro/Documents/PracticeProjectCodenation)
2020-05-04 14:40:32.620  INFO 8208 --- [    Test worker] b.c.E.ErrorCenterApplicationTests        : No active profile set, falling back to default profiles: default
2020-05-04 14:40:32.921  INFO 8208 --- [    Test worker] .s.d.r.c.RepositoryConfigurationDelegate : Bootstrapping Spring Data JPA repositories in DEFAULT mode.
2020-05-04 14:40:32.934  INFO 8208 --- [    Test worker] .s.d.r.c.RepositoryConfigurationDelegate : Finished Spring Data repository scanning in 12ms. Found 2 JPA repository interfaces.
2020-05-04 14:40:33.282  INFO 8208 --- [    Test worker] o.hibernate.jpa.internal.util.LogHelper  : HHH000204: Processing PersistenceUnitInfo [name: default]
2020-05-04 14:40:33.285  INFO 8208 --- [    Test worker] com.zaxxer.hikari.HikariDataSource       : HikariPool-2 - Starting...
2020-05-04 14:40:33.298  INFO 8208 --- [    Test worker] com.zaxxer.hikari.HikariDataSource       : HikariPool-2 - Start completed.
2020-05-04 14:40:33.298  INFO 8208 --- [    Test worker] org.hibernate.dialect.Dialect            : HHH000400: Using dialect: org.hibernate.dialect.PostgreSQLDialect
2020-05-04 14:40:33.402  INFO 8208 --- [    Test worker] o.h.e.t.j.p.i.JtaPlatformInitiator       : HHH000490: Using JtaPlatform implementation: [org.hibernate.engine.transaction.jta.platform.internal.NoJtaPlatform]
2020-05-04 14:40:33.402  INFO 8208 --- [    Test worker] j.LocalContainerEntityManagerFactoryBean : Initialized JPA EntityManagerFactory for persistence unit 'default'
2020-05-04 14:40:33.474  WARN 8208 --- [    Test worker] JpaBaseConfiguration$JpaWebConfiguration : spring.jpa.open-in-view is enabled by default. Therefore, database queries may be performed during view rendering. Explicitly configure spring.jpa.open-in-view to disable this warning
2020-05-04 14:40:34.150  INFO 8208 --- [    Test worker] o.s.s.web.DefaultSecurityFilterChain     : Creating filter chain: OrRequestMatcher [requestMatchers=[Ant [pattern='/oauth/token'], Ant [pattern='/oauth/token_key'], Ant [pattern='/oauth/check_token']]], [org.springframework.security.web.context.request.async.WebAsyncManagerIntegrationFilter@4679eb82, org.springframework.security.web.context.SecurityContextPersistenceFilter@5f9f1aab, org.springframework.security.web.header.HeaderWriterFilter@1486f345, org.springframework.security.web.authentication.logout.LogoutFilter@9c58b42, org.springframework.security.web.authentication.www.BasicAuthenticationFilter@6e91e06c, org.springframework.security.web.savedrequest.RequestCacheAwareFilter@1a661127, org.springframework.security.web.servletapi.SecurityContextHolderAwareRequestFilter@3c4da836, org.springframework.security.web.authentication.AnonymousAuthenticationFilter@7b94c8d7, org.springframework.security.web.session.SessionManagementFilter@136f42b0, org.springframework.security.web.access.ExceptionTranslationFilter@55ce0652, org.springframework.security.web.access.intercept.FilterSecurityInterceptor@ddb078b]
2020-05-04 14:40:34.177  INFO 8208 --- [    Test worker] o.s.s.web.DefaultSecurityFilterChain     : Creating filter chain: org.springframework.security.oauth2.config.annotation.web.configuration.ResourceServerConfiguration$NotOAuthRequestMatcher@6137d566, [org.springframework.security.web.context.request.async.WebAsyncManagerIntegrationFilter@6f31f90f, org.springframework.security.web.context.SecurityContextPersistenceFilter@31a8d28c, org.springframework.security.web.header.HeaderWriterFilter@2224327f, org.springframework.security.web.authentication.logout.LogoutFilter@b0fe370, org.springframework.security.oauth2.provider.authentication.OAuth2AuthenticationProcessingFilter@258f42c9, org.springframework.security.web.authentication.UsernamePasswordAuthenticationFilter@2a08a938, org.springframework.security.web.authentication.ui.DefaultLoginPageGeneratingFilter@615e91f1, org.springframework.security.web.authentication.ui.DefaultLogoutPageGeneratingFilter@1ebce3e0, org.springframework.security.web.savedrequest.RequestCacheAwareFilter@4a6aeda3, org.springframework.security.web.servletapi.SecurityContextHolderAwareRequestFilter@495e995b, org.springframework.security.web.authentication.AnonymousAuthenticationFilter@5f83529f, org.springframework.security.web.session.SessionManagementFilter@23617938, org.springframework.security.web.access.ExceptionTranslationFilter@113d509a, org.springframework.security.web.access.intercept.FilterSecurityInterceptor@137ef416]
2020-05-04 14:40:34.186  INFO 8208 --- [    Test worker] o.s.s.web.DefaultSecurityFilterChain     : Creating filter chain: any request, [org.springframework.security.web.context.request.async.WebAsyncManagerIntegrationFilter@10c34d93, org.springframework.security.web.context.SecurityContextPersistenceFilter@609f4ca8, org.springframework.security.web.header.HeaderWriterFilter@120db9d2, org.springframework.security.web.csrf.CsrfFilter@24c2f2b3, org.springframework.security.web.authentication.logout.LogoutFilter@4abc2fd3, org.springframework.security.web.authentication.UsernamePasswordAuthenticationFilter@4c126953, org.springframework.security.web.authentication.ui.DefaultLoginPageGeneratingFilter@5c82b3ce, org.springframework.security.web.authentication.ui.DefaultLogoutPageGeneratingFilter@6fd7fd74, org.springframework.security.web.authentication.www.BasicAuthenticationFilter@f36ea82, org.springframework.security.web.savedrequest.RequestCacheAwareFilter@4e085b5e, org.springframework.security.web.servletapi.SecurityContextHolderAwareRequestFilter@31b4a864, org.springframework.security.web.authentication.AnonymousAuthenticationFilter@30d0592c, org.springframework.security.web.session.SessionManagementFilter@21e9864a, org.springframework.security.web.access.ExceptionTranslationFilter@56ef1ac7, org.springframework.security.web.access.intercept.FilterSecurityInterceptor@6822e926]
2020-05-04 14:40:34.356  INFO 8208 --- [    Test worker] a.OAuth2AuthorizationServerConfiguration : Initialized OAuth2 Client

security.oauth2.client.client-id = codenation
security.oauth2.client.client-secret = ****


2020-05-04 14:40:34.565  INFO 8208 --- [    Test worker] o.s.s.concurrent.ThreadPoolTaskExecutor  : Initializing ExecutorService 'applicationTaskExecutor'
2020-05-04 14:40:34.847  INFO 8208 --- [    Test worker] b.c.E.ErrorCenterApplicationTests        : Started ErrorCenterApplicationTests in 2.248 seconds (JVM running for 6.99)
]]></system-out>
  <system-err><![CDATA[]]></system-err>
</testsuite>
