<?xml version="1.0" encoding="UTF-8"?>
<testsuite name="br.com.ErrorCenter.ErrorCenterApplicationTests" tests="1" skipped="0" failures="0" errors="0" timestamp="2020-05-04T06:24:04" hostname="guerreiro" time="0.015">
  <properties/>
  <testcase name="contextLoads()" classname="br.com.ErrorCenter.ErrorCenterApplicationTests" time="0.015"/>
  <system-out><![CDATA[2020-05-04 03:24:01.530  INFO 21289 --- [    Test worker] .b.t.c.SpringBootTestContextBootstrapper : Neither @ContextConfiguration nor @ContextHierarchy found for test class [br.com.ErrorCenter.ErrorCenterApplicationTests], using SpringBootContextLoader
2020-05-04 03:24:01.531  INFO 21289 --- [    Test worker] o.s.t.c.support.AbstractContextLoader    : Could not detect default resource locations for test class [br.com.ErrorCenter.ErrorCenterApplicationTests]: no resource found for suffixes {-context.xml, Context.groovy}.
2020-05-04 03:24:01.531  INFO 21289 --- [    Test worker] t.c.s.AnnotationConfigContextLoaderUtils : Could not detect default configuration classes for test class [br.com.ErrorCenter.ErrorCenterApplicationTests]: ErrorCenterApplicationTests does not declare any static, non-private, non-final, nested classes annotated with @Configuration.
2020-05-04 03:24:01.534  INFO 21289 --- [    Test worker] .b.t.c.SpringBootTestContextBootstrapper : Found @SpringBootConfiguration br.com.ErrorCenter.ErrorCenterApplication for test class br.com.ErrorCenter.ErrorCenterApplicationTests
2020-05-04 03:24:01.536  INFO 21289 --- [    Test worker] .b.t.c.SpringBootTestContextBootstrapper : Loaded default TestExecutionListener class names from location [META-INF/spring.factories]: [org.springframework.boot.test.autoconfigure.restdocs.RestDocsTestExecutionListener, org.springframework.boot.test.autoconfigure.web.client.MockRestServiceServerResetTestExecutionListener, org.springframework.boot.test.autoconfigure.web.servlet.MockMvcPrintOnlyOnFailureTestExecutionListener, org.springframework.boot.test.autoconfigure.web.servlet.WebDriverTestExecutionListener, org.springframework.boot.test.mock.mockito.MockitoTestExecutionListener, org.springframework.boot.test.mock.mockito.ResetMocksTestExecutionListener, org.springframework.test.context.web.ServletTestExecutionListener, org.springframework.test.context.support.DirtiesContextBeforeModesTestExecutionListener, org.springframework.test.context.support.DependencyInjectionTestExecutionListener, org.springframework.test.context.support.DirtiesContextTestExecutionListener, org.springframework.test.context.transaction.TransactionalTestExecutionListener, org.springframework.test.context.jdbc.SqlScriptsTestExecutionListener, org.springframework.test.context.event.EventPublishingTestExecutionListener]
2020-05-04 03:24:01.536  INFO 21289 --- [    Test worker] .b.t.c.SpringBootTestContextBootstrapper : Using TestExecutionListeners: [org.springframework.test.context.web.ServletTestExecutionListener@72042f04, org.springframework.test.context.support.DirtiesContextBeforeModesTestExecutionListener@4d38916, org.springframework.boot.test.mock.mockito.MockitoTestExecutionListener@4b657eb8, org.springframework.boot.test.autoconfigure.SpringBootDependencyInjectionTestExecutionListener@20e1b949, org.springframework.test.context.support.DirtiesContextTestExecutionListener@73cece5e, org.springframework.test.context.transaction.TransactionalTestExecutionListener@6bcd6208, org.springframework.test.context.jdbc.SqlScriptsTestExecutionListener@b3d5177, org.springframework.test.context.event.EventPublishingTestExecutionListener@263b9aa8, org.springframework.boot.test.autoconfigure.restdocs.RestDocsTestExecutionListener@23820c0f, org.springframework.boot.test.autoconfigure.web.client.MockRestServiceServerResetTestExecutionListener@23dfe755, org.springframework.boot.test.autoconfigure.web.servlet.MockMvcPrintOnlyOnFailureTestExecutionListener@4208bcb0, org.springframework.boot.test.autoconfigure.web.servlet.WebDriverTestExecutionListener@389c8083, org.springframework.boot.test.mock.mockito.ResetMocksTestExecutionListener@bcd11eb]

  .   ____          _            __ _ _
 /\\ / ___'_ __ _ _(_)_ __  __ _ \ \ \ \
( ( )\___ | '_ | '_| | '_ \/ _` | \ \ \ \
 \\/  ___)| |_)| | | | | || (_| |  ) ) ) )
  '  |____| .__|_| |_|_| |_\__, | / / / /
 =========|_|==============|___/=/_/_/_/
 :: Spring Boot ::        (v2.2.6.RELEASE)

2020-05-04 03:24:01.572  INFO 21289 --- [    Test worker] b.c.E.ErrorCenterApplicationTests        : Starting ErrorCenterApplicationTests on guerreiro with PID 21289 (started by guerreiro in /home/guerreiro/Documents/PracticeProjectCodenation)
2020-05-04 03:24:01.572  INFO 21289 --- [    Test worker] b.c.E.ErrorCenterApplicationTests        : No active profile set, falling back to default profiles: default
2020-05-04 03:24:01.891  INFO 21289 --- [    Test worker] .s.d.r.c.RepositoryConfigurationDelegate : Bootstrapping Spring Data JPA repositories in DEFAULT mode.
2020-05-04 03:24:01.905  INFO 21289 --- [    Test worker] .s.d.r.c.RepositoryConfigurationDelegate : Finished Spring Data repository scanning in 13ms. Found 2 JPA repository interfaces.
2020-05-04 03:24:02.295  INFO 21289 --- [    Test worker] o.hibernate.jpa.internal.util.LogHelper  : HHH000204: Processing PersistenceUnitInfo [name: default]
2020-05-04 03:24:02.299  INFO 21289 --- [    Test worker] com.zaxxer.hikari.HikariDataSource       : HikariPool-2 - Starting...
2020-05-04 03:24:02.316  INFO 21289 --- [    Test worker] com.zaxxer.hikari.HikariDataSource       : HikariPool-2 - Start completed.
2020-05-04 03:24:02.316  INFO 21289 --- [    Test worker] org.hibernate.dialect.Dialect            : HHH000400: Using dialect: org.hibernate.dialect.PostgreSQLDialect
2020-05-04 03:24:02.440  INFO 21289 --- [    Test worker] o.h.e.t.j.p.i.JtaPlatformInitiator       : HHH000490: Using JtaPlatform implementation: [org.hibernate.engine.transaction.jta.platform.internal.NoJtaPlatform]
2020-05-04 03:24:02.440  INFO 21289 --- [    Test worker] j.LocalContainerEntityManagerFactoryBean : Initialized JPA EntityManagerFactory for persistence unit 'default'
2020-05-04 03:24:02.518  WARN 21289 --- [    Test worker] JpaBaseConfiguration$JpaWebConfiguration : spring.jpa.open-in-view is enabled by default. Therefore, database queries may be performed during view rendering. Explicitly configure spring.jpa.open-in-view to disable this warning
2020-05-04 03:24:03.373  INFO 21289 --- [    Test worker] o.s.s.web.DefaultSecurityFilterChain     : Creating filter chain: OrRequestMatcher [requestMatchers=[Ant [pattern='/oauth/token'], Ant [pattern='/oauth/token_key'], Ant [pattern='/oauth/check_token']]], [org.springframework.security.web.context.request.async.WebAsyncManagerIntegrationFilter@2a32c284, org.springframework.security.web.context.SecurityContextPersistenceFilter@32fb392b, org.springframework.security.web.header.HeaderWriterFilter@4b0c6fb8, org.springframework.security.web.authentication.logout.LogoutFilter@450a356d, org.springframework.security.web.authentication.www.BasicAuthenticationFilter@c06e45, org.springframework.security.web.savedrequest.RequestCacheAwareFilter@1fc91039, org.springframework.security.web.servletapi.SecurityContextHolderAwareRequestFilter@2b1a4c64, org.springframework.security.web.authentication.AnonymousAuthenticationFilter@500528ea, org.springframework.security.web.session.SessionManagementFilter@bd9b7ab, org.springframework.security.web.access.ExceptionTranslationFilter@1e90cd96, org.springframework.security.web.access.intercept.FilterSecurityInterceptor@11710c7b]
2020-05-04 03:24:03.412  INFO 21289 --- [    Test worker] o.s.s.web.DefaultSecurityFilterChain     : Creating filter chain: org.springframework.security.oauth2.config.annotation.web.configuration.ResourceServerConfiguration$NotOAuthRequestMatcher@2b35dbc0, [org.springframework.security.web.context.request.async.WebAsyncManagerIntegrationFilter@351e4c27, org.springframework.security.web.context.SecurityContextPersistenceFilter@686830c3, org.springframework.security.web.header.HeaderWriterFilter@520de125, org.springframework.security.web.authentication.logout.LogoutFilter@3b055ec9, org.springframework.security.oauth2.provider.authentication.OAuth2AuthenticationProcessingFilter@24a0cda8, org.springframework.security.web.authentication.UsernamePasswordAuthenticationFilter@31f243f2, org.springframework.security.web.authentication.ui.DefaultLoginPageGeneratingFilter@36ba8182, org.springframework.security.web.authentication.ui.DefaultLogoutPageGeneratingFilter@39631bd3, org.springframework.security.web.savedrequest.RequestCacheAwareFilter@70da90d8, org.springframework.security.web.servletapi.SecurityContextHolderAwareRequestFilter@4d63532f, org.springframework.security.web.authentication.AnonymousAuthenticationFilter@6e68c415, org.springframework.security.web.session.SessionManagementFilter@32e92968, org.springframework.security.web.access.ExceptionTranslationFilter@2cd69f81, org.springframework.security.web.access.intercept.FilterSecurityInterceptor@5fad6a8d]
2020-05-04 03:24:03.428  INFO 21289 --- [    Test worker] o.s.s.web.DefaultSecurityFilterChain     : Creating filter chain: any request, [org.springframework.security.web.context.request.async.WebAsyncManagerIntegrationFilter@3f9642e0, org.springframework.security.web.context.SecurityContextPersistenceFilter@fde7234, org.springframework.security.web.header.HeaderWriterFilter@79ce50dd, org.springframework.security.web.csrf.CsrfFilter@47370ff4, org.springframework.security.web.authentication.logout.LogoutFilter@52edeb39, org.springframework.security.web.authentication.UsernamePasswordAuthenticationFilter@43823f3f, org.springframework.security.web.authentication.ui.DefaultLoginPageGeneratingFilter@1df946dc, org.springframework.security.web.authentication.ui.DefaultLogoutPageGeneratingFilter@4d8c1dce, org.springframework.security.web.authentication.www.BasicAuthenticationFilter@3cd91ca4, org.springframework.security.web.savedrequest.RequestCacheAwareFilter@5dcdcb2e, org.springframework.security.web.servletapi.SecurityContextHolderAwareRequestFilter@560e30f2, org.springframework.security.web.authentication.AnonymousAuthenticationFilter@1f25a887, org.springframework.security.web.session.SessionManagementFilter@679a8bf, org.springframework.security.web.access.ExceptionTranslationFilter@1b893918, org.springframework.security.web.access.intercept.FilterSecurityInterceptor@28eb407c]
2020-05-04 03:24:03.680  INFO 21289 --- [    Test worker] a.OAuth2AuthorizationServerConfiguration : Initialized OAuth2 Client

security.oauth2.client.client-id = codenation
security.oauth2.client.client-secret = ****


2020-05-04 03:24:04.011  INFO 21289 --- [    Test worker] o.s.s.concurrent.ThreadPoolTaskExecutor  : Initializing ExecutorService 'applicationTaskExecutor'
2020-05-04 03:24:04.358  INFO 21289 --- [    Test worker] b.c.E.ErrorCenterApplicationTests        : Started ErrorCenterApplicationTests in 2.811 seconds (JVM running for 7.295)
]]></system-out>
  <system-err><![CDATA[]]></system-err>
</testsuite>
