<?xml version="1.0" encoding="UTF-8"?>
<testsuite name="br.com.ErrorCenter.repositories.EventRepositoryTest" tests="9" skipped="0" failures="0" errors="0" timestamp="2020-05-04T06:24:01" hostname="guerreiro" time="0.264">
  <properties/>
  <testcase name="findByPageable" classname="br.com.ErrorCenter.repositories.EventRepositoryTest" time="0.123"/>
  <testcase name="findByDescription" classname="br.com.ErrorCenter.repositories.EventRepositoryTest" time="0.017"/>
  <testcase name="findByMoreThanOneParam" classname="br.com.ErrorCenter.repositories.EventRepositoryTest" time="0.015"/>
  <testcase name="findAll" classname="br.com.ErrorCenter.repositories.EventRepositoryTest" time="0.015"/>
  <testcase name="filterByLevel" classname="br.com.ErrorCenter.repositories.EventRepositoryTest" time="0.016"/>
  <testcase name="findByDate" classname="br.com.ErrorCenter.repositories.EventRepositoryTest" time="0.019"/>
  <testcase name="findByQuantity" classname="br.com.ErrorCenter.repositories.EventRepositoryTest" time="0.018"/>
  <testcase name="findByLog" classname="br.com.ErrorCenter.repositories.EventRepositoryTest" time="0.017"/>
  <testcase name="findByApplicationId" classname="br.com.ErrorCenter.repositories.EventRepositoryTest" time="0.016"/>
  <system-out><![CDATA[03:23:58.481 [Test worker] DEBUG org.springframework.test.annotation.ProfileValueUtils - Retrieved @ProfileValueSourceConfiguration [null] for test class [br.com.ErrorCenter.repositories.EventRepositoryTest]
03:23:58.481 [Test worker] DEBUG org.springframework.test.annotation.ProfileValueUtils - Retrieved ProfileValueSource type [class org.springframework.test.annotation.SystemProfileValueSource] for class [br.com.ErrorCenter.repositories.EventRepositoryTest]
03:23:58.481 [Test worker] DEBUG org.springframework.test.annotation.ProfileValueUtils - Retrieved @ProfileValueSourceConfiguration [null] for test class [br.com.ErrorCenter.repositories.EventRepositoryTest]
03:23:58.481 [Test worker] DEBUG org.springframework.test.annotation.ProfileValueUtils - Retrieved ProfileValueSource type [class org.springframework.test.annotation.SystemProfileValueSource] for class [br.com.ErrorCenter.repositories.EventRepositoryTest]
03:23:58.484 [Test worker] DEBUG org.springframework.test.context.support.AbstractDirtiesContextTestExecutionListener - Before test class: context [DefaultTestContext@568aaed testClass = EventRepositoryTest, testInstance = [null], testMethod = [null], testException = [null], mergedContextConfiguration = [MergedContextConfiguration@469c843d testClass = EventRepositoryTest, locations = '{}', classes = '{class br.com.ErrorCenter.ErrorCenterApplication}', contextInitializerClasses = '[]', activeProfiles = '{}', propertySourceLocations = '{}', propertySourceProperties = '{org.springframework.boot.test.autoconfigure.orm.jpa.DataJpaTestContextBootstrapper=true}', contextCustomizers = set[org.springframework.boot.test.autoconfigure.OverrideAutoConfigurationContextCustomizerFactory$DisableAutoConfigurationContextCustomizer@15902673, org.springframework.boot.test.autoconfigure.filter.TypeExcludeFiltersContextCustomizer@351584c0, org.springframework.boot.test.autoconfigure.properties.PropertyMappingContextCustomizer@86b27abc, org.springframework.boot.test.autoconfigure.web.servlet.WebDriverContextCustomizerFactory$Customizer@531fafa2, [ImportsContextCustomizer@7dc56bcc key = [org.springframework.boot.autoconfigure.cache.CacheAutoConfiguration, org.springframework.boot.autoconfigure.data.jpa.JpaRepositoriesAutoConfiguration, org.springframework.boot.autoconfigure.flyway.FlywayAutoConfiguration, org.springframework.boot.autoconfigure.jdbc.DataSourceAutoConfiguration, org.springframework.boot.autoconfigure.jdbc.DataSourceTransactionManagerAutoConfiguration, org.springframework.boot.autoconfigure.jdbc.JdbcTemplateAutoConfiguration, org.springframework.boot.autoconfigure.liquibase.LiquibaseAutoConfiguration, org.springframework.boot.autoconfigure.orm.jpa.HibernateJpaAutoConfiguration, org.springframework.boot.autoconfigure.transaction.TransactionAutoConfiguration, org.springframework.boot.test.autoconfigure.jdbc.TestDatabaseAutoConfiguration, org.springframework.boot.test.autoconfigure.orm.jpa.TestEntityManagerAutoConfiguration]], org.springframework.boot.test.context.filter.ExcludeFilterContextCustomizer@525ef699, org.springframework.boot.test.json.DuplicateJsonObjectContextCustomizerFactory$DuplicateJsonObjectContextCustomizer@1fd3f6b7, org.springframework.boot.test.mock.mockito.MockitoContextCustomizer@0], contextLoader = 'org.springframework.boot.test.context.SpringBootContextLoader', parent = [null]], attributes = map[[empty]]], class annotated with @DirtiesContext [false] with mode [null].
03:23:58.485 [Test worker] DEBUG org.springframework.test.annotation.ProfileValueUtils - Retrieved @ProfileValueSourceConfiguration [null] for test class [br.com.ErrorCenter.repositories.EventRepositoryTest]
03:23:58.486 [Test worker] DEBUG org.springframework.test.annotation.ProfileValueUtils - Retrieved ProfileValueSource type [class org.springframework.test.annotation.SystemProfileValueSource] for class [br.com.ErrorCenter.repositories.EventRepositoryTest]
03:23:58.489 [Test worker] DEBUG org.springframework.test.context.support.DependencyInjectionTestExecutionListener - Performing dependency injection for test context [[DefaultTestContext@568aaed testClass = EventRepositoryTest, testInstance = br.com.ErrorCenter.repositories.EventRepositoryTest@884e266, testMethod = [null], testException = [null], mergedContextConfiguration = [MergedContextConfiguration@469c843d testClass = EventRepositoryTest, locations = '{}', classes = '{class br.com.ErrorCenter.ErrorCenterApplication}', contextInitializerClasses = '[]', activeProfiles = '{}', propertySourceLocations = '{}', propertySourceProperties = '{org.springframework.boot.test.autoconfigure.orm.jpa.DataJpaTestContextBootstrapper=true}', contextCustomizers = set[org.springframework.boot.test.autoconfigure.OverrideAutoConfigurationContextCustomizerFactory$DisableAutoConfigurationContextCustomizer@15902673, org.springframework.boot.test.autoconfigure.filter.TypeExcludeFiltersContextCustomizer@351584c0, org.springframework.boot.test.autoconfigure.properties.PropertyMappingContextCustomizer@86b27abc, org.springframework.boot.test.autoconfigure.web.servlet.WebDriverContextCustomizerFactory$Customizer@531fafa2, [ImportsContextCustomizer@7dc56bcc key = [org.springframework.boot.autoconfigure.cache.CacheAutoConfiguration, org.springframework.boot.autoconfigure.data.jpa.JpaRepositoriesAutoConfiguration, org.springframework.boot.autoconfigure.flyway.FlywayAutoConfiguration, org.springframework.boot.autoconfigure.jdbc.DataSourceAutoConfiguration, org.springframework.boot.autoconfigure.jdbc.DataSourceTransactionManagerAutoConfiguration, org.springframework.boot.autoconfigure.jdbc.JdbcTemplateAutoConfiguration, org.springframework.boot.autoconfigure.liquibase.LiquibaseAutoConfiguration, org.springframework.boot.autoconfigure.orm.jpa.HibernateJpaAutoConfiguration, org.springframework.boot.autoconfigure.transaction.TransactionAutoConfiguration, org.springframework.boot.test.autoconfigure.jdbc.TestDatabaseAutoConfiguration, org.springframework.boot.test.autoconfigure.orm.jpa.TestEntityManagerAutoConfiguration]], org.springframework.boot.test.context.filter.ExcludeFilterContextCustomizer@525ef699, org.springframework.boot.test.json.DuplicateJsonObjectContextCustomizerFactory$DuplicateJsonObjectContextCustomizer@1fd3f6b7, org.springframework.boot.test.mock.mockito.MockitoContextCustomizer@0], contextLoader = 'org.springframework.boot.test.context.SpringBootContextLoader', parent = [null]], attributes = map[[empty]]]].
03:23:58.563 [Test worker] DEBUG org.springframework.test.context.support.TestPropertySourceUtils - Adding inlined properties to environment: {spring.jmx.enabled=false, org.springframework.boot.test.autoconfigure.orm.jpa.DataJpaTestContextBootstrapper=true, server.port=-1}

  .   ____          _            __ _ _
 /\\ / ___'_ __ _ _(_)_ __  __ _ \ \ \ \
( ( )\___ | '_ | '_| | '_ \/ _` | \ \ \ \
 \\/  ___)| |_)| | | | | || (_| |  ) ) ) )
  '  |____| .__|_| |_|_| |_\__, | / / / /
 =========|_|==============|___/=/_/_/_/
 :: Spring Boot ::        (v2.2.6.RELEASE)

2020-05-04 03:23:58.735  INFO 21289 --- [    Test worker] b.c.E.repositories.EventRepositoryTest   : Starting EventRepositoryTest on guerreiro with PID 21289 (started by guerreiro in /home/guerreiro/Documents/PracticeProjectCodenation)
2020-05-04 03:23:58.738  INFO 21289 --- [    Test worker] b.c.E.repositories.EventRepositoryTest   : No active profile set, falling back to default profiles: default
2020-05-04 03:23:59.083  INFO 21289 --- [    Test worker] .s.d.r.c.RepositoryConfigurationDelegate : Bootstrapping Spring Data JPA repositories in DEFAULT mode.
2020-05-04 03:23:59.200  INFO 21289 --- [    Test worker] .s.d.r.c.RepositoryConfigurationDelegate : Finished Spring Data repository scanning in 109ms. Found 2 JPA repository interfaces.
2020-05-04 03:23:59.539  INFO 21289 --- [    Test worker] o.hibernate.jpa.internal.util.LogHelper  : HHH000204: Processing PersistenceUnitInfo [name: default]
2020-05-04 03:23:59.599  INFO 21289 --- [    Test worker] org.hibernate.Version                    : HHH000412: Hibernate ORM core version 5.4.12.Final
2020-05-04 03:23:59.630  INFO 21289 --- [    Test worker] o.hibernate.annotations.common.Version   : HCANN000001: Hibernate Commons Annotations {5.1.0.Final}
2020-05-04 03:23:59.712  INFO 21289 --- [    Test worker] com.zaxxer.hikari.HikariDataSource       : HikariPool-1 - Starting...
2020-05-04 03:23:59.912  INFO 21289 --- [    Test worker] com.zaxxer.hikari.HikariDataSource       : HikariPool-1 - Start completed.
2020-05-04 03:23:59.930  INFO 21289 --- [    Test worker] org.hibernate.dialect.Dialect            : HHH000400: Using dialect: org.hibernate.dialect.PostgreSQLDialect
2020-05-04 03:24:00.533  INFO 21289 --- [    Test worker] o.h.e.t.j.p.i.JtaPlatformInitiator       : HHH000490: Using JtaPlatform implementation: [org.hibernate.engine.transaction.jta.platform.internal.NoJtaPlatform]
2020-05-04 03:24:00.538  INFO 21289 --- [    Test worker] j.LocalContainerEntityManagerFactoryBean : Initialized JPA EntityManagerFactory for persistence unit 'default'
2020-05-04 03:24:01.213  INFO 21289 --- [    Test worker] b.c.E.repositories.EventRepositoryTest   : Started EventRepositoryTest in 2.649 seconds (JVM running for 4.151)
2020-05-04 03:24:01.231  INFO 21289 --- [    Test worker] o.s.t.c.transaction.TransactionContext   : Began transaction (1) for test context [DefaultTestContext@568aaed testClass = EventRepositoryTest, testInstance = br.com.ErrorCenter.repositories.EventRepositoryTest@884e266, testMethod = findByPageable@EventRepositoryTest, testException = [null], mergedContextConfiguration = [MergedContextConfiguration@469c843d testClass = EventRepositoryTest, locations = '{}', classes = '{class br.com.ErrorCenter.ErrorCenterApplication}', contextInitializerClasses = '[]', activeProfiles = '{}', propertySourceLocations = '{}', propertySourceProperties = '{org.springframework.boot.test.autoconfigure.orm.jpa.DataJpaTestContextBootstrapper=true}', contextCustomizers = set[org.springframework.boot.test.autoconfigure.OverrideAutoConfigurationContextCustomizerFactory$DisableAutoConfigurationContextCustomizer@15902673, org.springframework.boot.test.autoconfigure.filter.TypeExcludeFiltersContextCustomizer@351584c0, org.springframework.boot.test.autoconfigure.properties.PropertyMappingContextCustomizer@86b27abc, org.springframework.boot.test.autoconfigure.web.servlet.WebDriverContextCustomizerFactory$Customizer@531fafa2, [ImportsContextCustomizer@7dc56bcc key = [org.springframework.boot.autoconfigure.cache.CacheAutoConfiguration, org.springframework.boot.autoconfigure.data.jpa.JpaRepositoriesAutoConfiguration, org.springframework.boot.autoconfigure.flyway.FlywayAutoConfiguration, org.springframework.boot.autoconfigure.jdbc.DataSourceAutoConfiguration, org.springframework.boot.autoconfigure.jdbc.DataSourceTransactionManagerAutoConfiguration, org.springframework.boot.autoconfigure.jdbc.JdbcTemplateAutoConfiguration, org.springframework.boot.autoconfigure.liquibase.LiquibaseAutoConfiguration, org.springframework.boot.autoconfigure.orm.jpa.HibernateJpaAutoConfiguration, org.springframework.boot.autoconfigure.transaction.TransactionAutoConfiguration, org.springframework.boot.test.autoconfigure.jdbc.TestDatabaseAutoConfiguration, org.springframework.boot.test.autoconfigure.orm.jpa.TestEntityManagerAutoConfiguration]], org.springframework.boot.test.context.filter.ExcludeFilterContextCustomizer@525ef699, org.springframework.boot.test.json.DuplicateJsonObjectContextCustomizerFactory$DuplicateJsonObjectContextCustomizer@1fd3f6b7, org.springframework.boot.test.mock.mockito.MockitoContextCustomizer@0], contextLoader = 'org.springframework.boot.test.context.SpringBootContextLoader', parent = [null]], attributes = map[[empty]]]; transaction manager [org.springframework.orm.jpa.JpaTransactionManager@5b678c31]; rollback [true]
Hibernate: insert into application (created_at, email, name, password) values (?, ?, ?, ?)
Hibernate: insert into event (application_id, created_at, description, level, log, quantity) values (?, ?, ?, ?, ?, ?)
Hibernate: insert into event (application_id, created_at, description, level, log, quantity) values (?, ?, ?, ?, ?, ?)
Hibernate: insert into event (application_id, created_at, description, level, log, quantity) values (?, ?, ?, ?, ?, ?)
Hibernate: insert into event (application_id, created_at, description, level, log, quantity) values (?, ?, ?, ?, ?, ?)
Hibernate: select evententit0_.id as id1_1_, evententit0_.application_id as applicat7_1_, evententit0_.created_at as created_2_1_, evententit0_.description as descript3_1_, evententit0_.level as level4_1_, evententit0_.log as log5_1_, evententit0_.quantity as quantity6_1_ from event evententit0_ where (? is null or evententit0_.level=?) and (? is null or evententit0_.description like ?) and (? is null or evententit0_.log like ?) and (? is null or evententit0_.application_id=?) and (cast(? as timestamp) is null or evententit0_.created_at=?) and (? is null or evententit0_.quantity=?) limit ?
Hibernate: select count(evententit0_.id) as col_0_0_ from event evententit0_ where (? is null or evententit0_.level=?) and (? is null or evententit0_.description like ?) and (? is null or evententit0_.log like ?) and (? is null or evententit0_.application_id=?) and (cast(? as timestamp) is null or evententit0_.created_at=?) and (? is null or evententit0_.quantity=?)
2020-05-04 03:24:01.344  INFO 21289 --- [    Test worker] o.s.t.c.transaction.TransactionContext   : Rolled back transaction for test: [DefaultTestContext@568aaed testClass = EventRepositoryTest, testInstance = br.com.ErrorCenter.repositories.EventRepositoryTest@884e266, testMethod = findByPageable@EventRepositoryTest, testException = [null], mergedContextConfiguration = [MergedContextConfiguration@469c843d testClass = EventRepositoryTest, locations = '{}', classes = '{class br.com.ErrorCenter.ErrorCenterApplication}', contextInitializerClasses = '[]', activeProfiles = '{}', propertySourceLocations = '{}', propertySourceProperties = '{org.springframework.boot.test.autoconfigure.orm.jpa.DataJpaTestContextBootstrapper=true}', contextCustomizers = set[org.springframework.boot.test.autoconfigure.OverrideAutoConfigurationContextCustomizerFactory$DisableAutoConfigurationContextCustomizer@15902673, org.springframework.boot.test.autoconfigure.filter.TypeExcludeFiltersContextCustomizer@351584c0, org.springframework.boot.test.autoconfigure.properties.PropertyMappingContextCustomizer@86b27abc, org.springframework.boot.test.autoconfigure.web.servlet.WebDriverContextCustomizerFactory$Customizer@531fafa2, [ImportsContextCustomizer@7dc56bcc key = [org.springframework.boot.autoconfigure.cache.CacheAutoConfiguration, org.springframework.boot.autoconfigure.data.jpa.JpaRepositoriesAutoConfiguration, org.springframework.boot.autoconfigure.flyway.FlywayAutoConfiguration, org.springframework.boot.autoconfigure.jdbc.DataSourceAutoConfiguration, org.springframework.boot.autoconfigure.jdbc.DataSourceTransactionManagerAutoConfiguration, org.springframework.boot.autoconfigure.jdbc.JdbcTemplateAutoConfiguration, org.springframework.boot.autoconfigure.liquibase.LiquibaseAutoConfiguration, org.springframework.boot.autoconfigure.orm.jpa.HibernateJpaAutoConfiguration, org.springframework.boot.autoconfigure.transaction.TransactionAutoConfiguration, org.springframework.boot.test.autoconfigure.jdbc.TestDatabaseAutoConfiguration, org.springframework.boot.test.autoconfigure.orm.jpa.TestEntityManagerAutoConfiguration]], org.springframework.boot.test.context.filter.ExcludeFilterContextCustomizer@525ef699, org.springframework.boot.test.json.DuplicateJsonObjectContextCustomizerFactory$DuplicateJsonObjectContextCustomizer@1fd3f6b7, org.springframework.boot.test.mock.mockito.MockitoContextCustomizer@0], contextLoader = 'org.springframework.boot.test.context.SpringBootContextLoader', parent = [null]], attributes = map[[empty]]]
2020-05-04 03:24:01.347  INFO 21289 --- [    Test worker] o.s.t.c.transaction.TransactionContext   : Began transaction (1) for test context [DefaultTestContext@568aaed testClass = EventRepositoryTest, testInstance = br.com.ErrorCenter.repositories.EventRepositoryTest@11a2f9d9, testMethod = findByDescription@EventRepositoryTest, testException = [null], mergedContextConfiguration = [MergedContextConfiguration@469c843d testClass = EventRepositoryTest, locations = '{}', classes = '{class br.com.ErrorCenter.ErrorCenterApplication}', contextInitializerClasses = '[]', activeProfiles = '{}', propertySourceLocations = '{}', propertySourceProperties = '{org.springframework.boot.test.autoconfigure.orm.jpa.DataJpaTestContextBootstrapper=true}', contextCustomizers = set[org.springframework.boot.test.autoconfigure.OverrideAutoConfigurationContextCustomizerFactory$DisableAutoConfigurationContextCustomizer@15902673, org.springframework.boot.test.autoconfigure.filter.TypeExcludeFiltersContextCustomizer@351584c0, org.springframework.boot.test.autoconfigure.properties.PropertyMappingContextCustomizer@86b27abc, org.springframework.boot.test.autoconfigure.web.servlet.WebDriverContextCustomizerFactory$Customizer@531fafa2, [ImportsContextCustomizer@7dc56bcc key = [org.springframework.boot.autoconfigure.cache.CacheAutoConfiguration, org.springframework.boot.autoconfigure.data.jpa.JpaRepositoriesAutoConfiguration, org.springframework.boot.autoconfigure.flyway.FlywayAutoConfiguration, org.springframework.boot.autoconfigure.jdbc.DataSourceAutoConfiguration, org.springframework.boot.autoconfigure.jdbc.DataSourceTransactionManagerAutoConfiguration, org.springframework.boot.autoconfigure.jdbc.JdbcTemplateAutoConfiguration, org.springframework.boot.autoconfigure.liquibase.LiquibaseAutoConfiguration, org.springframework.boot.autoconfigure.orm.jpa.HibernateJpaAutoConfiguration, org.springframework.boot.autoconfigure.transaction.TransactionAutoConfiguration, org.springframework.boot.test.autoconfigure.jdbc.TestDatabaseAutoConfiguration, org.springframework.boot.test.autoconfigure.orm.jpa.TestEntityManagerAutoConfiguration]], org.springframework.boot.test.context.filter.ExcludeFilterContextCustomizer@525ef699, org.springframework.boot.test.json.DuplicateJsonObjectContextCustomizerFactory$DuplicateJsonObjectContextCustomizer@1fd3f6b7, org.springframework.boot.test.mock.mockito.MockitoContextCustomizer@0], contextLoader = 'org.springframework.boot.test.context.SpringBootContextLoader', parent = [null]], attributes = map[[empty]]]; transaction manager [org.springframework.orm.jpa.JpaTransactionManager@5b678c31]; rollback [true]
Hibernate: insert into application (created_at, email, name, password) values (?, ?, ?, ?)
Hibernate: insert into event (application_id, created_at, description, level, log, quantity) values (?, ?, ?, ?, ?, ?)
Hibernate: insert into event (application_id, created_at, description, level, log, quantity) values (?, ?, ?, ?, ?, ?)
Hibernate: insert into event (application_id, created_at, description, level, log, quantity) values (?, ?, ?, ?, ?, ?)
Hibernate: insert into event (application_id, created_at, description, level, log, quantity) values (?, ?, ?, ?, ?, ?)
Hibernate: select evententit0_.id as id1_1_, evententit0_.application_id as applicat7_1_, evententit0_.created_at as created_2_1_, evententit0_.description as descript3_1_, evententit0_.level as level4_1_, evententit0_.log as log5_1_, evententit0_.quantity as quantity6_1_ from event evententit0_ where (? is null or evententit0_.level=?) and (? is null or evententit0_.description like ?) and (? is null or evententit0_.log like ?) and (? is null or evententit0_.application_id=?) and (cast(? as timestamp) is null or evententit0_.created_at=?) and (? is null or evententit0_.quantity=?)
Hibernate: select evententit0_.id as id1_1_, evententit0_.application_id as applicat7_1_, evententit0_.created_at as created_2_1_, evententit0_.description as descript3_1_, evententit0_.level as level4_1_, evententit0_.log as log5_1_, evententit0_.quantity as quantity6_1_ from event evententit0_ where (? is null or evententit0_.level=?) and (? is null or evententit0_.description like ?) and (? is null or evententit0_.log like ?) and (? is null or evententit0_.application_id=?) and (cast(? as timestamp) is null or evententit0_.created_at=?) and (? is null or evententit0_.quantity=?)
2020-05-04 03:24:01.363  INFO 21289 --- [    Test worker] o.s.t.c.transaction.TransactionContext   : Rolled back transaction for test: [DefaultTestContext@568aaed testClass = EventRepositoryTest, testInstance = br.com.ErrorCenter.repositories.EventRepositoryTest@11a2f9d9, testMethod = findByDescription@EventRepositoryTest, testException = [null], mergedContextConfiguration = [MergedContextConfiguration@469c843d testClass = EventRepositoryTest, locations = '{}', classes = '{class br.com.ErrorCenter.ErrorCenterApplication}', contextInitializerClasses = '[]', activeProfiles = '{}', propertySourceLocations = '{}', propertySourceProperties = '{org.springframework.boot.test.autoconfigure.orm.jpa.DataJpaTestContextBootstrapper=true}', contextCustomizers = set[org.springframework.boot.test.autoconfigure.OverrideAutoConfigurationContextCustomizerFactory$DisableAutoConfigurationContextCustomizer@15902673, org.springframework.boot.test.autoconfigure.filter.TypeExcludeFiltersContextCustomizer@351584c0, org.springframework.boot.test.autoconfigure.properties.PropertyMappingContextCustomizer@86b27abc, org.springframework.boot.test.autoconfigure.web.servlet.WebDriverContextCustomizerFactory$Customizer@531fafa2, [ImportsContextCustomizer@7dc56bcc key = [org.springframework.boot.autoconfigure.cache.CacheAutoConfiguration, org.springframework.boot.autoconfigure.data.jpa.JpaRepositoriesAutoConfiguration, org.springframework.boot.autoconfigure.flyway.FlywayAutoConfiguration, org.springframework.boot.autoconfigure.jdbc.DataSourceAutoConfiguration, org.springframework.boot.autoconfigure.jdbc.DataSourceTransactionManagerAutoConfiguration, org.springframework.boot.autoconfigure.jdbc.JdbcTemplateAutoConfiguration, org.springframework.boot.autoconfigure.liquibase.LiquibaseAutoConfiguration, org.springframework.boot.autoconfigure.orm.jpa.HibernateJpaAutoConfiguration, org.springframework.boot.autoconfigure.transaction.TransactionAutoConfiguration, org.springframework.boot.test.autoconfigure.jdbc.TestDatabaseAutoConfiguration, org.springframework.boot.test.autoconfigure.orm.jpa.TestEntityManagerAutoConfiguration]], org.springframework.boot.test.context.filter.ExcludeFilterContextCustomizer@525ef699, org.springframework.boot.test.json.DuplicateJsonObjectContextCustomizerFactory$DuplicateJsonObjectContextCustomizer@1fd3f6b7, org.springframework.boot.test.mock.mockito.MockitoContextCustomizer@0], contextLoader = 'org.springframework.boot.test.context.SpringBootContextLoader', parent = [null]], attributes = map[[empty]]]
2020-05-04 03:24:01.365  INFO 21289 --- [    Test worker] o.s.t.c.transaction.TransactionContext   : Began transaction (1) for test context [DefaultTestContext@568aaed testClass = EventRepositoryTest, testInstance = br.com.ErrorCenter.repositories.EventRepositoryTest@2475e6b1, testMethod = findByMoreThanOneParam@EventRepositoryTest, testException = [null], mergedContextConfiguration = [MergedContextConfiguration@469c843d testClass = EventRepositoryTest, locations = '{}', classes = '{class br.com.ErrorCenter.ErrorCenterApplication}', contextInitializerClasses = '[]', activeProfiles = '{}', propertySourceLocations = '{}', propertySourceProperties = '{org.springframework.boot.test.autoconfigure.orm.jpa.DataJpaTestContextBootstrapper=true}', contextCustomizers = set[org.springframework.boot.test.autoconfigure.OverrideAutoConfigurationContextCustomizerFactory$DisableAutoConfigurationContextCustomizer@15902673, org.springframework.boot.test.autoconfigure.filter.TypeExcludeFiltersContextCustomizer@351584c0, org.springframework.boot.test.autoconfigure.properties.PropertyMappingContextCustomizer@86b27abc, org.springframework.boot.test.autoconfigure.web.servlet.WebDriverContextCustomizerFactory$Customizer@531fafa2, [ImportsContextCustomizer@7dc56bcc key = [org.springframework.boot.autoconfigure.cache.CacheAutoConfiguration, org.springframework.boot.autoconfigure.data.jpa.JpaRepositoriesAutoConfiguration, org.springframework.boot.autoconfigure.flyway.FlywayAutoConfiguration, org.springframework.boot.autoconfigure.jdbc.DataSourceAutoConfiguration, org.springframework.boot.autoconfigure.jdbc.DataSourceTransactionManagerAutoConfiguration, org.springframework.boot.autoconfigure.jdbc.JdbcTemplateAutoConfiguration, org.springframework.boot.autoconfigure.liquibase.LiquibaseAutoConfiguration, org.springframework.boot.autoconfigure.orm.jpa.HibernateJpaAutoConfiguration, org.springframework.boot.autoconfigure.transaction.TransactionAutoConfiguration, org.springframework.boot.test.autoconfigure.jdbc.TestDatabaseAutoConfiguration, org.springframework.boot.test.autoconfigure.orm.jpa.TestEntityManagerAutoConfiguration]], org.springframework.boot.test.context.filter.ExcludeFilterContextCustomizer@525ef699, org.springframework.boot.test.json.DuplicateJsonObjectContextCustomizerFactory$DuplicateJsonObjectContextCustomizer@1fd3f6b7, org.springframework.boot.test.mock.mockito.MockitoContextCustomizer@0], contextLoader = 'org.springframework.boot.test.context.SpringBootContextLoader', parent = [null]], attributes = map[[empty]]]; transaction manager [org.springframework.orm.jpa.JpaTransactionManager@5b678c31]; rollback [true]
Hibernate: insert into application (created_at, email, name, password) values (?, ?, ?, ?)
Hibernate: insert into event (application_id, created_at, description, level, log, quantity) values (?, ?, ?, ?, ?, ?)
Hibernate: insert into event (application_id, created_at, description, level, log, quantity) values (?, ?, ?, ?, ?, ?)
Hibernate: insert into event (application_id, created_at, description, level, log, quantity) values (?, ?, ?, ?, ?, ?)
Hibernate: insert into event (application_id, created_at, description, level, log, quantity) values (?, ?, ?, ?, ?, ?)
Hibernate: select evententit0_.id as id1_1_, evententit0_.application_id as applicat7_1_, evententit0_.created_at as created_2_1_, evententit0_.description as descript3_1_, evententit0_.level as level4_1_, evententit0_.log as log5_1_, evententit0_.quantity as quantity6_1_ from event evententit0_ where (? is null or evententit0_.level=?) and (? is null or evententit0_.description like ?) and (? is null or evententit0_.log like ?) and (? is null or evententit0_.application_id=?) and (cast(? as timestamp) is null or evententit0_.created_at=?) and (? is null or evententit0_.quantity=?)
2020-05-04 03:24:01.379  INFO 21289 --- [    Test worker] o.s.t.c.transaction.TransactionContext   : Rolled back transaction for test: [DefaultTestContext@568aaed testClass = EventRepositoryTest, testInstance = br.com.ErrorCenter.repositories.EventRepositoryTest@2475e6b1, testMethod = findByMoreThanOneParam@EventRepositoryTest, testException = [null], mergedContextConfiguration = [MergedContextConfiguration@469c843d testClass = EventRepositoryTest, locations = '{}', classes = '{class br.com.ErrorCenter.ErrorCenterApplication}', contextInitializerClasses = '[]', activeProfiles = '{}', propertySourceLocations = '{}', propertySourceProperties = '{org.springframework.boot.test.autoconfigure.orm.jpa.DataJpaTestContextBootstrapper=true}', contextCustomizers = set[org.springframework.boot.test.autoconfigure.OverrideAutoConfigurationContextCustomizerFactory$DisableAutoConfigurationContextCustomizer@15902673, org.springframework.boot.test.autoconfigure.filter.TypeExcludeFiltersContextCustomizer@351584c0, org.springframework.boot.test.autoconfigure.properties.PropertyMappingContextCustomizer@86b27abc, org.springframework.boot.test.autoconfigure.web.servlet.WebDriverContextCustomizerFactory$Customizer@531fafa2, [ImportsContextCustomizer@7dc56bcc key = [org.springframework.boot.autoconfigure.cache.CacheAutoConfiguration, org.springframework.boot.autoconfigure.data.jpa.JpaRepositoriesAutoConfiguration, org.springframework.boot.autoconfigure.flyway.FlywayAutoConfiguration, org.springframework.boot.autoconfigure.jdbc.DataSourceAutoConfiguration, org.springframework.boot.autoconfigure.jdbc.DataSourceTransactionManagerAutoConfiguration, org.springframework.boot.autoconfigure.jdbc.JdbcTemplateAutoConfiguration, org.springframework.boot.autoconfigure.liquibase.LiquibaseAutoConfiguration, org.springframework.boot.autoconfigure.orm.jpa.HibernateJpaAutoConfiguration, org.springframework.boot.autoconfigure.transaction.TransactionAutoConfiguration, org.springframework.boot.test.autoconfigure.jdbc.TestDatabaseAutoConfiguration, org.springframework.boot.test.autoconfigure.orm.jpa.TestEntityManagerAutoConfiguration]], org.springframework.boot.test.context.filter.ExcludeFilterContextCustomizer@525ef699, org.springframework.boot.test.json.DuplicateJsonObjectContextCustomizerFactory$DuplicateJsonObjectContextCustomizer@1fd3f6b7, org.springframework.boot.test.mock.mockito.MockitoContextCustomizer@0], contextLoader = 'org.springframework.boot.test.context.SpringBootContextLoader', parent = [null]], attributes = map[[empty]]]
2020-05-04 03:24:01.381  INFO 21289 --- [    Test worker] o.s.t.c.transaction.TransactionContext   : Began transaction (1) for test context [DefaultTestContext@568aaed testClass = EventRepositoryTest, testInstance = br.com.ErrorCenter.repositories.EventRepositoryTest@4b5e5f39, testMethod = findAll@EventRepositoryTest, testException = [null], mergedContextConfiguration = [MergedContextConfiguration@469c843d testClass = EventRepositoryTest, locations = '{}', classes = '{class br.com.ErrorCenter.ErrorCenterApplication}', contextInitializerClasses = '[]', activeProfiles = '{}', propertySourceLocations = '{}', propertySourceProperties = '{org.springframework.boot.test.autoconfigure.orm.jpa.DataJpaTestContextBootstrapper=true}', contextCustomizers = set[org.springframework.boot.test.autoconfigure.OverrideAutoConfigurationContextCustomizerFactory$DisableAutoConfigurationContextCustomizer@15902673, org.springframework.boot.test.autoconfigure.filter.TypeExcludeFiltersContextCustomizer@351584c0, org.springframework.boot.test.autoconfigure.properties.PropertyMappingContextCustomizer@86b27abc, org.springframework.boot.test.autoconfigure.web.servlet.WebDriverContextCustomizerFactory$Customizer@531fafa2, [ImportsContextCustomizer@7dc56bcc key = [org.springframework.boot.autoconfigure.cache.CacheAutoConfiguration, org.springframework.boot.autoconfigure.data.jpa.JpaRepositoriesAutoConfiguration, org.springframework.boot.autoconfigure.flyway.FlywayAutoConfiguration, org.springframework.boot.autoconfigure.jdbc.DataSourceAutoConfiguration, org.springframework.boot.autoconfigure.jdbc.DataSourceTransactionManagerAutoConfiguration, org.springframework.boot.autoconfigure.jdbc.JdbcTemplateAutoConfiguration, org.springframework.boot.autoconfigure.liquibase.LiquibaseAutoConfiguration, org.springframework.boot.autoconfigure.orm.jpa.HibernateJpaAutoConfiguration, org.springframework.boot.autoconfigure.transaction.TransactionAutoConfiguration, org.springframework.boot.test.autoconfigure.jdbc.TestDatabaseAutoConfiguration, org.springframework.boot.test.autoconfigure.orm.jpa.TestEntityManagerAutoConfiguration]], org.springframework.boot.test.context.filter.ExcludeFilterContextCustomizer@525ef699, org.springframework.boot.test.json.DuplicateJsonObjectContextCustomizerFactory$DuplicateJsonObjectContextCustomizer@1fd3f6b7, org.springframework.boot.test.mock.mockito.MockitoContextCustomizer@0], contextLoader = 'org.springframework.boot.test.context.SpringBootContextLoader', parent = [null]], attributes = map[[empty]]]; transaction manager [org.springframework.orm.jpa.JpaTransactionManager@5b678c31]; rollback [true]
Hibernate: insert into application (created_at, email, name, password) values (?, ?, ?, ?)
Hibernate: insert into event (application_id, created_at, description, level, log, quantity) values (?, ?, ?, ?, ?, ?)
Hibernate: insert into event (application_id, created_at, description, level, log, quantity) values (?, ?, ?, ?, ?, ?)
Hibernate: insert into event (application_id, created_at, description, level, log, quantity) values (?, ?, ?, ?, ?, ?)
Hibernate: insert into event (application_id, created_at, description, level, log, quantity) values (?, ?, ?, ?, ?, ?)
Hibernate: select evententit0_.id as id1_1_, evententit0_.application_id as applicat7_1_, evententit0_.created_at as created_2_1_, evententit0_.description as descript3_1_, evententit0_.level as level4_1_, evententit0_.log as log5_1_, evententit0_.quantity as quantity6_1_ from event evententit0_ where (? is null or evententit0_.level=?) and (? is null or evententit0_.description like ?) and (? is null or evententit0_.log like ?) and (? is null or evententit0_.application_id=?) and (cast(? as timestamp) is null or evententit0_.created_at=?) and (? is null or evententit0_.quantity=?)
2020-05-04 03:24:01.395  INFO 21289 --- [    Test worker] o.s.t.c.transaction.TransactionContext   : Rolled back transaction for test: [DefaultTestContext@568aaed testClass = EventRepositoryTest, testInstance = br.com.ErrorCenter.repositories.EventRepositoryTest@4b5e5f39, testMethod = findAll@EventRepositoryTest, testException = [null], mergedContextConfiguration = [MergedContextConfiguration@469c843d testClass = EventRepositoryTest, locations = '{}', classes = '{class br.com.ErrorCenter.ErrorCenterApplication}', contextInitializerClasses = '[]', activeProfiles = '{}', propertySourceLocations = '{}', propertySourceProperties = '{org.springframework.boot.test.autoconfigure.orm.jpa.DataJpaTestContextBootstrapper=true}', contextCustomizers = set[org.springframework.boot.test.autoconfigure.OverrideAutoConfigurationContextCustomizerFactory$DisableAutoConfigurationContextCustomizer@15902673, org.springframework.boot.test.autoconfigure.filter.TypeExcludeFiltersContextCustomizer@351584c0, org.springframework.boot.test.autoconfigure.properties.PropertyMappingContextCustomizer@86b27abc, org.springframework.boot.test.autoconfigure.web.servlet.WebDriverContextCustomizerFactory$Customizer@531fafa2, [ImportsContextCustomizer@7dc56bcc key = [org.springframework.boot.autoconfigure.cache.CacheAutoConfiguration, org.springframework.boot.autoconfigure.data.jpa.JpaRepositoriesAutoConfiguration, org.springframework.boot.autoconfigure.flyway.FlywayAutoConfiguration, org.springframework.boot.autoconfigure.jdbc.DataSourceAutoConfiguration, org.springframework.boot.autoconfigure.jdbc.DataSourceTransactionManagerAutoConfiguration, org.springframework.boot.autoconfigure.jdbc.JdbcTemplateAutoConfiguration, org.springframework.boot.autoconfigure.liquibase.LiquibaseAutoConfiguration, org.springframework.boot.autoconfigure.orm.jpa.HibernateJpaAutoConfiguration, org.springframework.boot.autoconfigure.transaction.TransactionAutoConfiguration, org.springframework.boot.test.autoconfigure.jdbc.TestDatabaseAutoConfiguration, org.springframework.boot.test.autoconfigure.orm.jpa.TestEntityManagerAutoConfiguration]], org.springframework.boot.test.context.filter.ExcludeFilterContextCustomizer@525ef699, org.springframework.boot.test.json.DuplicateJsonObjectContextCustomizerFactory$DuplicateJsonObjectContextCustomizer@1fd3f6b7, org.springframework.boot.test.mock.mockito.MockitoContextCustomizer@0], contextLoader = 'org.springframework.boot.test.context.SpringBootContextLoader', parent = [null]], attributes = map[[empty]]]
2020-05-04 03:24:01.397  INFO 21289 --- [    Test worker] o.s.t.c.transaction.TransactionContext   : Began transaction (1) for test context [DefaultTestContext@568aaed testClass = EventRepositoryTest, testInstance = br.com.ErrorCenter.repositories.EventRepositoryTest@2e2164a1, testMethod = filterByLevel@EventRepositoryTest, testException = [null], mergedContextConfiguration = [MergedContextConfiguration@469c843d testClass = EventRepositoryTest, locations = '{}', classes = '{class br.com.ErrorCenter.ErrorCenterApplication}', contextInitializerClasses = '[]', activeProfiles = '{}', propertySourceLocations = '{}', propertySourceProperties = '{org.springframework.boot.test.autoconfigure.orm.jpa.DataJpaTestContextBootstrapper=true}', contextCustomizers = set[org.springframework.boot.test.autoconfigure.OverrideAutoConfigurationContextCustomizerFactory$DisableAutoConfigurationContextCustomizer@15902673, org.springframework.boot.test.autoconfigure.filter.TypeExcludeFiltersContextCustomizer@351584c0, org.springframework.boot.test.autoconfigure.properties.PropertyMappingContextCustomizer@86b27abc, org.springframework.boot.test.autoconfigure.web.servlet.WebDriverContextCustomizerFactory$Customizer@531fafa2, [ImportsContextCustomizer@7dc56bcc key = [org.springframework.boot.autoconfigure.cache.CacheAutoConfiguration, org.springframework.boot.autoconfigure.data.jpa.JpaRepositoriesAutoConfiguration, org.springframework.boot.autoconfigure.flyway.FlywayAutoConfiguration, org.springframework.boot.autoconfigure.jdbc.DataSourceAutoConfiguration, org.springframework.boot.autoconfigure.jdbc.DataSourceTransactionManagerAutoConfiguration, org.springframework.boot.autoconfigure.jdbc.JdbcTemplateAutoConfiguration, org.springframework.boot.autoconfigure.liquibase.LiquibaseAutoConfiguration, org.springframework.boot.autoconfigure.orm.jpa.HibernateJpaAutoConfiguration, org.springframework.boot.autoconfigure.transaction.TransactionAutoConfiguration, org.springframework.boot.test.autoconfigure.jdbc.TestDatabaseAutoConfiguration, org.springframework.boot.test.autoconfigure.orm.jpa.TestEntityManagerAutoConfiguration]], org.springframework.boot.test.context.filter.ExcludeFilterContextCustomizer@525ef699, org.springframework.boot.test.json.DuplicateJsonObjectContextCustomizerFactory$DuplicateJsonObjectContextCustomizer@1fd3f6b7, org.springframework.boot.test.mock.mockito.MockitoContextCustomizer@0], contextLoader = 'org.springframework.boot.test.context.SpringBootContextLoader', parent = [null]], attributes = map[[empty]]]; transaction manager [org.springframework.orm.jpa.JpaTransactionManager@5b678c31]; rollback [true]
Hibernate: insert into application (created_at, email, name, password) values (?, ?, ?, ?)
Hibernate: insert into event (application_id, created_at, description, level, log, quantity) values (?, ?, ?, ?, ?, ?)
Hibernate: insert into event (application_id, created_at, description, level, log, quantity) values (?, ?, ?, ?, ?, ?)
Hibernate: insert into event (application_id, created_at, description, level, log, quantity) values (?, ?, ?, ?, ?, ?)
Hibernate: insert into event (application_id, created_at, description, level, log, quantity) values (?, ?, ?, ?, ?, ?)
Hibernate: select evententit0_.id as id1_1_, evententit0_.application_id as applicat7_1_, evententit0_.created_at as created_2_1_, evententit0_.description as descript3_1_, evententit0_.level as level4_1_, evententit0_.log as log5_1_, evententit0_.quantity as quantity6_1_ from event evententit0_ where (? is null or evententit0_.level=?) and (? is null or evententit0_.description like ?) and (? is null or evententit0_.log like ?) and (? is null or evententit0_.application_id=?) and (cast(? as timestamp) is null or evententit0_.created_at=?) and (? is null or evententit0_.quantity=?)
Hibernate: select evententit0_.id as id1_1_, evententit0_.application_id as applicat7_1_, evententit0_.created_at as created_2_1_, evententit0_.description as descript3_1_, evententit0_.level as level4_1_, evententit0_.log as log5_1_, evententit0_.quantity as quantity6_1_ from event evententit0_ where (? is null or evententit0_.level=?) and (? is null or evententit0_.description like ?) and (? is null or evententit0_.log like ?) and (? is null or evententit0_.application_id=?) and (cast(? as timestamp) is null or evententit0_.created_at=?) and (? is null or evententit0_.quantity=?)
2020-05-04 03:24:01.412  INFO 21289 --- [    Test worker] o.s.t.c.transaction.TransactionContext   : Rolled back transaction for test: [DefaultTestContext@568aaed testClass = EventRepositoryTest, testInstance = br.com.ErrorCenter.repositories.EventRepositoryTest@2e2164a1, testMethod = filterByLevel@EventRepositoryTest, testException = [null], mergedContextConfiguration = [MergedContextConfiguration@469c843d testClass = EventRepositoryTest, locations = '{}', classes = '{class br.com.ErrorCenter.ErrorCenterApplication}', contextInitializerClasses = '[]', activeProfiles = '{}', propertySourceLocations = '{}', propertySourceProperties = '{org.springframework.boot.test.autoconfigure.orm.jpa.DataJpaTestContextBootstrapper=true}', contextCustomizers = set[org.springframework.boot.test.autoconfigure.OverrideAutoConfigurationContextCustomizerFactory$DisableAutoConfigurationContextCustomizer@15902673, org.springframework.boot.test.autoconfigure.filter.TypeExcludeFiltersContextCustomizer@351584c0, org.springframework.boot.test.autoconfigure.properties.PropertyMappingContextCustomizer@86b27abc, org.springframework.boot.test.autoconfigure.web.servlet.WebDriverContextCustomizerFactory$Customizer@531fafa2, [ImportsContextCustomizer@7dc56bcc key = [org.springframework.boot.autoconfigure.cache.CacheAutoConfiguration, org.springframework.boot.autoconfigure.data.jpa.JpaRepositoriesAutoConfiguration, org.springframework.boot.autoconfigure.flyway.FlywayAutoConfiguration, org.springframework.boot.autoconfigure.jdbc.DataSourceAutoConfiguration, org.springframework.boot.autoconfigure.jdbc.DataSourceTransactionManagerAutoConfiguration, org.springframework.boot.autoconfigure.jdbc.JdbcTemplateAutoConfiguration, org.springframework.boot.autoconfigure.liquibase.LiquibaseAutoConfiguration, org.springframework.boot.autoconfigure.orm.jpa.HibernateJpaAutoConfiguration, org.springframework.boot.autoconfigure.transaction.TransactionAutoConfiguration, org.springframework.boot.test.autoconfigure.jdbc.TestDatabaseAutoConfiguration, org.springframework.boot.test.autoconfigure.orm.jpa.TestEntityManagerAutoConfiguration]], org.springframework.boot.test.context.filter.ExcludeFilterContextCustomizer@525ef699, org.springframework.boot.test.json.DuplicateJsonObjectContextCustomizerFactory$DuplicateJsonObjectContextCustomizer@1fd3f6b7, org.springframework.boot.test.mock.mockito.MockitoContextCustomizer@0], contextLoader = 'org.springframework.boot.test.context.SpringBootContextLoader', parent = [null]], attributes = map[[empty]]]
2020-05-04 03:24:01.414  INFO 21289 --- [    Test worker] o.s.t.c.transaction.TransactionContext   : Began transaction (1) for test context [DefaultTestContext@568aaed testClass = EventRepositoryTest, testInstance = br.com.ErrorCenter.repositories.EventRepositoryTest@429295fa, testMethod = findByDate@EventRepositoryTest, testException = [null], mergedContextConfiguration = [MergedContextConfiguration@469c843d testClass = EventRepositoryTest, locations = '{}', classes = '{class br.com.ErrorCenter.ErrorCenterApplication}', contextInitializerClasses = '[]', activeProfiles = '{}', propertySourceLocations = '{}', propertySourceProperties = '{org.springframework.boot.test.autoconfigure.orm.jpa.DataJpaTestContextBootstrapper=true}', contextCustomizers = set[org.springframework.boot.test.autoconfigure.OverrideAutoConfigurationContextCustomizerFactory$DisableAutoConfigurationContextCustomizer@15902673, org.springframework.boot.test.autoconfigure.filter.TypeExcludeFiltersContextCustomizer@351584c0, org.springframework.boot.test.autoconfigure.properties.PropertyMappingContextCustomizer@86b27abc, org.springframework.boot.test.autoconfigure.web.servlet.WebDriverContextCustomizerFactory$Customizer@531fafa2, [ImportsContextCustomizer@7dc56bcc key = [org.springframework.boot.autoconfigure.cache.CacheAutoConfiguration, org.springframework.boot.autoconfigure.data.jpa.JpaRepositoriesAutoConfiguration, org.springframework.boot.autoconfigure.flyway.FlywayAutoConfiguration, org.springframework.boot.autoconfigure.jdbc.DataSourceAutoConfiguration, org.springframework.boot.autoconfigure.jdbc.DataSourceTransactionManagerAutoConfiguration, org.springframework.boot.autoconfigure.jdbc.JdbcTemplateAutoConfiguration, org.springframework.boot.autoconfigure.liquibase.LiquibaseAutoConfiguration, org.springframework.boot.autoconfigure.orm.jpa.HibernateJpaAutoConfiguration, org.springframework.boot.autoconfigure.transaction.TransactionAutoConfiguration, org.springframework.boot.test.autoconfigure.jdbc.TestDatabaseAutoConfiguration, org.springframework.boot.test.autoconfigure.orm.jpa.TestEntityManagerAutoConfiguration]], org.springframework.boot.test.context.filter.ExcludeFilterContextCustomizer@525ef699, org.springframework.boot.test.json.DuplicateJsonObjectContextCustomizerFactory$DuplicateJsonObjectContextCustomizer@1fd3f6b7, org.springframework.boot.test.mock.mockito.MockitoContextCustomizer@0], contextLoader = 'org.springframework.boot.test.context.SpringBootContextLoader', parent = [null]], attributes = map[[empty]]]; transaction manager [org.springframework.orm.jpa.JpaTransactionManager@5b678c31]; rollback [true]
Hibernate: insert into application (created_at, email, name, password) values (?, ?, ?, ?)
Hibernate: insert into event (application_id, created_at, description, level, log, quantity) values (?, ?, ?, ?, ?, ?)
Hibernate: insert into event (application_id, created_at, description, level, log, quantity) values (?, ?, ?, ?, ?, ?)
Hibernate: insert into event (application_id, created_at, description, level, log, quantity) values (?, ?, ?, ?, ?, ?)
Hibernate: insert into event (application_id, created_at, description, level, log, quantity) values (?, ?, ?, ?, ?, ?)
Hibernate: select evententit0_.id as id1_1_, evententit0_.application_id as applicat7_1_, evententit0_.created_at as created_2_1_, evententit0_.description as descript3_1_, evententit0_.level as level4_1_, evententit0_.log as log5_1_, evententit0_.quantity as quantity6_1_ from event evententit0_ where (? is null or evententit0_.level=?) and (? is null or evententit0_.description like ?) and (? is null or evententit0_.log like ?) and (? is null or evententit0_.application_id=?) and (cast(? as timestamp) is null or evententit0_.created_at=?) and (? is null or evententit0_.quantity=?)
Hibernate: select evententit0_.id as id1_1_, evententit0_.application_id as applicat7_1_, evententit0_.created_at as created_2_1_, evententit0_.description as descript3_1_, evententit0_.level as level4_1_, evententit0_.log as log5_1_, evententit0_.quantity as quantity6_1_ from event evententit0_ where (? is null or evententit0_.level=?) and (? is null or evententit0_.description like ?) and (? is null or evententit0_.log like ?) and (? is null or evententit0_.application_id=?) and (cast(? as timestamp) is null or evententit0_.created_at=?) and (? is null or evententit0_.quantity=?)
2020-05-04 03:24:01.432  INFO 21289 --- [    Test worker] o.s.t.c.transaction.TransactionContext   : Rolled back transaction for test: [DefaultTestContext@568aaed testClass = EventRepositoryTest, testInstance = br.com.ErrorCenter.repositories.EventRepositoryTest@429295fa, testMethod = findByDate@EventRepositoryTest, testException = [null], mergedContextConfiguration = [MergedContextConfiguration@469c843d testClass = EventRepositoryTest, locations = '{}', classes = '{class br.com.ErrorCenter.ErrorCenterApplication}', contextInitializerClasses = '[]', activeProfiles = '{}', propertySourceLocations = '{}', propertySourceProperties = '{org.springframework.boot.test.autoconfigure.orm.jpa.DataJpaTestContextBootstrapper=true}', contextCustomizers = set[org.springframework.boot.test.autoconfigure.OverrideAutoConfigurationContextCustomizerFactory$DisableAutoConfigurationContextCustomizer@15902673, org.springframework.boot.test.autoconfigure.filter.TypeExcludeFiltersContextCustomizer@351584c0, org.springframework.boot.test.autoconfigure.properties.PropertyMappingContextCustomizer@86b27abc, org.springframework.boot.test.autoconfigure.web.servlet.WebDriverContextCustomizerFactory$Customizer@531fafa2, [ImportsContextCustomizer@7dc56bcc key = [org.springframework.boot.autoconfigure.cache.CacheAutoConfiguration, org.springframework.boot.autoconfigure.data.jpa.JpaRepositoriesAutoConfiguration, org.springframework.boot.autoconfigure.flyway.FlywayAutoConfiguration, org.springframework.boot.autoconfigure.jdbc.DataSourceAutoConfiguration, org.springframework.boot.autoconfigure.jdbc.DataSourceTransactionManagerAutoConfiguration, org.springframework.boot.autoconfigure.jdbc.JdbcTemplateAutoConfiguration, org.springframework.boot.autoconfigure.liquibase.LiquibaseAutoConfiguration, org.springframework.boot.autoconfigure.orm.jpa.HibernateJpaAutoConfiguration, org.springframework.boot.autoconfigure.transaction.TransactionAutoConfiguration, org.springframework.boot.test.autoconfigure.jdbc.TestDatabaseAutoConfiguration, org.springframework.boot.test.autoconfigure.orm.jpa.TestEntityManagerAutoConfiguration]], org.springframework.boot.test.context.filter.ExcludeFilterContextCustomizer@525ef699, org.springframework.boot.test.json.DuplicateJsonObjectContextCustomizerFactory$DuplicateJsonObjectContextCustomizer@1fd3f6b7, org.springframework.boot.test.mock.mockito.MockitoContextCustomizer@0], contextLoader = 'org.springframework.boot.test.context.SpringBootContextLoader', parent = [null]], attributes = map[[empty]]]
2020-05-04 03:24:01.434  INFO 21289 --- [    Test worker] o.s.t.c.transaction.TransactionContext   : Began transaction (1) for test context [DefaultTestContext@568aaed testClass = EventRepositoryTest, testInstance = br.com.ErrorCenter.repositories.EventRepositoryTest@6f32370f, testMethod = findByQuantity@EventRepositoryTest, testException = [null], mergedContextConfiguration = [MergedContextConfiguration@469c843d testClass = EventRepositoryTest, locations = '{}', classes = '{class br.com.ErrorCenter.ErrorCenterApplication}', contextInitializerClasses = '[]', activeProfiles = '{}', propertySourceLocations = '{}', propertySourceProperties = '{org.springframework.boot.test.autoconfigure.orm.jpa.DataJpaTestContextBootstrapper=true}', contextCustomizers = set[org.springframework.boot.test.autoconfigure.OverrideAutoConfigurationContextCustomizerFactory$DisableAutoConfigurationContextCustomizer@15902673, org.springframework.boot.test.autoconfigure.filter.TypeExcludeFiltersContextCustomizer@351584c0, org.springframework.boot.test.autoconfigure.properties.PropertyMappingContextCustomizer@86b27abc, org.springframework.boot.test.autoconfigure.web.servlet.WebDriverContextCustomizerFactory$Customizer@531fafa2, [ImportsContextCustomizer@7dc56bcc key = [org.springframework.boot.autoconfigure.cache.CacheAutoConfiguration, org.springframework.boot.autoconfigure.data.jpa.JpaRepositoriesAutoConfiguration, org.springframework.boot.autoconfigure.flyway.FlywayAutoConfiguration, org.springframework.boot.autoconfigure.jdbc.DataSourceAutoConfiguration, org.springframework.boot.autoconfigure.jdbc.DataSourceTransactionManagerAutoConfiguration, org.springframework.boot.autoconfigure.jdbc.JdbcTemplateAutoConfiguration, org.springframework.boot.autoconfigure.liquibase.LiquibaseAutoConfiguration, org.springframework.boot.autoconfigure.orm.jpa.HibernateJpaAutoConfiguration, org.springframework.boot.autoconfigure.transaction.TransactionAutoConfiguration, org.springframework.boot.test.autoconfigure.jdbc.TestDatabaseAutoConfiguration, org.springframework.boot.test.autoconfigure.orm.jpa.TestEntityManagerAutoConfiguration]], org.springframework.boot.test.context.filter.ExcludeFilterContextCustomizer@525ef699, org.springframework.boot.test.json.DuplicateJsonObjectContextCustomizerFactory$DuplicateJsonObjectContextCustomizer@1fd3f6b7, org.springframework.boot.test.mock.mockito.MockitoContextCustomizer@0], contextLoader = 'org.springframework.boot.test.context.SpringBootContextLoader', parent = [null]], attributes = map[[empty]]]; transaction manager [org.springframework.orm.jpa.JpaTransactionManager@5b678c31]; rollback [true]
Hibernate: insert into application (created_at, email, name, password) values (?, ?, ?, ?)
Hibernate: insert into event (application_id, created_at, description, level, log, quantity) values (?, ?, ?, ?, ?, ?)
Hibernate: insert into event (application_id, created_at, description, level, log, quantity) values (?, ?, ?, ?, ?, ?)
Hibernate: insert into event (application_id, created_at, description, level, log, quantity) values (?, ?, ?, ?, ?, ?)
Hibernate: insert into event (application_id, created_at, description, level, log, quantity) values (?, ?, ?, ?, ?, ?)
Hibernate: select evententit0_.id as id1_1_, evententit0_.application_id as applicat7_1_, evententit0_.created_at as created_2_1_, evententit0_.description as descript3_1_, evententit0_.level as level4_1_, evententit0_.log as log5_1_, evententit0_.quantity as quantity6_1_ from event evententit0_ where (? is null or evententit0_.level=?) and (? is null or evententit0_.description like ?) and (? is null or evententit0_.log like ?) and (? is null or evententit0_.application_id=?) and (cast(? as timestamp) is null or evententit0_.created_at=?) and (? is null or evententit0_.quantity=?)
Hibernate: select evententit0_.id as id1_1_, evententit0_.application_id as applicat7_1_, evententit0_.created_at as created_2_1_, evententit0_.description as descript3_1_, evententit0_.level as level4_1_, evententit0_.log as log5_1_, evententit0_.quantity as quantity6_1_ from event evententit0_ where (? is null or evententit0_.level=?) and (? is null or evententit0_.description like ?) and (? is null or evententit0_.log like ?) and (? is null or evententit0_.application_id=?) and (cast(? as timestamp) is null or evententit0_.created_at=?) and (? is null or evententit0_.quantity=?)
2020-05-04 03:24:01.450  INFO 21289 --- [    Test worker] o.s.t.c.transaction.TransactionContext   : Rolled back transaction for test: [DefaultTestContext@568aaed testClass = EventRepositoryTest, testInstance = br.com.ErrorCenter.repositories.EventRepositoryTest@6f32370f, testMethod = findByQuantity@EventRepositoryTest, testException = [null], mergedContextConfiguration = [MergedContextConfiguration@469c843d testClass = EventRepositoryTest, locations = '{}', classes = '{class br.com.ErrorCenter.ErrorCenterApplication}', contextInitializerClasses = '[]', activeProfiles = '{}', propertySourceLocations = '{}', propertySourceProperties = '{org.springframework.boot.test.autoconfigure.orm.jpa.DataJpaTestContextBootstrapper=true}', contextCustomizers = set[org.springframework.boot.test.autoconfigure.OverrideAutoConfigurationContextCustomizerFactory$DisableAutoConfigurationContextCustomizer@15902673, org.springframework.boot.test.autoconfigure.filter.TypeExcludeFiltersContextCustomizer@351584c0, org.springframework.boot.test.autoconfigure.properties.PropertyMappingContextCustomizer@86b27abc, org.springframework.boot.test.autoconfigure.web.servlet.WebDriverContextCustomizerFactory$Customizer@531fafa2, [ImportsContextCustomizer@7dc56bcc key = [org.springframework.boot.autoconfigure.cache.CacheAutoConfiguration, org.springframework.boot.autoconfigure.data.jpa.JpaRepositoriesAutoConfiguration, org.springframework.boot.autoconfigure.flyway.FlywayAutoConfiguration, org.springframework.boot.autoconfigure.jdbc.DataSourceAutoConfiguration, org.springframework.boot.autoconfigure.jdbc.DataSourceTransactionManagerAutoConfiguration, org.springframework.boot.autoconfigure.jdbc.JdbcTemplateAutoConfiguration, org.springframework.boot.autoconfigure.liquibase.LiquibaseAutoConfiguration, org.springframework.boot.autoconfigure.orm.jpa.HibernateJpaAutoConfiguration, org.springframework.boot.autoconfigure.transaction.TransactionAutoConfiguration, org.springframework.boot.test.autoconfigure.jdbc.TestDatabaseAutoConfiguration, org.springframework.boot.test.autoconfigure.orm.jpa.TestEntityManagerAutoConfiguration]], org.springframework.boot.test.context.filter.ExcludeFilterContextCustomizer@525ef699, org.springframework.boot.test.json.DuplicateJsonObjectContextCustomizerFactory$DuplicateJsonObjectContextCustomizer@1fd3f6b7, org.springframework.boot.test.mock.mockito.MockitoContextCustomizer@0], contextLoader = 'org.springframework.boot.test.context.SpringBootContextLoader', parent = [null]], attributes = map[[empty]]]
2020-05-04 03:24:01.453  INFO 21289 --- [    Test worker] o.s.t.c.transaction.TransactionContext   : Began transaction (1) for test context [DefaultTestContext@568aaed testClass = EventRepositoryTest, testInstance = br.com.ErrorCenter.repositories.EventRepositoryTest@29772a22, testMethod = findByLog@EventRepositoryTest, testException = [null], mergedContextConfiguration = [MergedContextConfiguration@469c843d testClass = EventRepositoryTest, locations = '{}', classes = '{class br.com.ErrorCenter.ErrorCenterApplication}', contextInitializerClasses = '[]', activeProfiles = '{}', propertySourceLocations = '{}', propertySourceProperties = '{org.springframework.boot.test.autoconfigure.orm.jpa.DataJpaTestContextBootstrapper=true}', contextCustomizers = set[org.springframework.boot.test.autoconfigure.OverrideAutoConfigurationContextCustomizerFactory$DisableAutoConfigurationContextCustomizer@15902673, org.springframework.boot.test.autoconfigure.filter.TypeExcludeFiltersContextCustomizer@351584c0, org.springframework.boot.test.autoconfigure.properties.PropertyMappingContextCustomizer@86b27abc, org.springframework.boot.test.autoconfigure.web.servlet.WebDriverContextCustomizerFactory$Customizer@531fafa2, [ImportsContextCustomizer@7dc56bcc key = [org.springframework.boot.autoconfigure.cache.CacheAutoConfiguration, org.springframework.boot.autoconfigure.data.jpa.JpaRepositoriesAutoConfiguration, org.springframework.boot.autoconfigure.flyway.FlywayAutoConfiguration, org.springframework.boot.autoconfigure.jdbc.DataSourceAutoConfiguration, org.springframework.boot.autoconfigure.jdbc.DataSourceTransactionManagerAutoConfiguration, org.springframework.boot.autoconfigure.jdbc.JdbcTemplateAutoConfiguration, org.springframework.boot.autoconfigure.liquibase.LiquibaseAutoConfiguration, org.springframework.boot.autoconfigure.orm.jpa.HibernateJpaAutoConfiguration, org.springframework.boot.autoconfigure.transaction.TransactionAutoConfiguration, org.springframework.boot.test.autoconfigure.jdbc.TestDatabaseAutoConfiguration, org.springframework.boot.test.autoconfigure.orm.jpa.TestEntityManagerAutoConfiguration]], org.springframework.boot.test.context.filter.ExcludeFilterContextCustomizer@525ef699, org.springframework.boot.test.json.DuplicateJsonObjectContextCustomizerFactory$DuplicateJsonObjectContextCustomizer@1fd3f6b7, org.springframework.boot.test.mock.mockito.MockitoContextCustomizer@0], contextLoader = 'org.springframework.boot.test.context.SpringBootContextLoader', parent = [null]], attributes = map[[empty]]]; transaction manager [org.springframework.orm.jpa.JpaTransactionManager@5b678c31]; rollback [true]
Hibernate: insert into application (created_at, email, name, password) values (?, ?, ?, ?)
Hibernate: insert into event (application_id, created_at, description, level, log, quantity) values (?, ?, ?, ?, ?, ?)
Hibernate: insert into event (application_id, created_at, description, level, log, quantity) values (?, ?, ?, ?, ?, ?)
Hibernate: insert into event (application_id, created_at, description, level, log, quantity) values (?, ?, ?, ?, ?, ?)
Hibernate: insert into event (application_id, created_at, description, level, log, quantity) values (?, ?, ?, ?, ?, ?)
Hibernate: select evententit0_.id as id1_1_, evententit0_.application_id as applicat7_1_, evententit0_.created_at as created_2_1_, evententit0_.description as descript3_1_, evententit0_.level as level4_1_, evententit0_.log as log5_1_, evententit0_.quantity as quantity6_1_ from event evententit0_ where (? is null or evententit0_.level=?) and (? is null or evententit0_.description like ?) and (? is null or evententit0_.log like ?) and (? is null or evententit0_.application_id=?) and (cast(? as timestamp) is null or evententit0_.created_at=?) and (? is null or evententit0_.quantity=?)
Hibernate: select evententit0_.id as id1_1_, evententit0_.application_id as applicat7_1_, evententit0_.created_at as created_2_1_, evententit0_.description as descript3_1_, evententit0_.level as level4_1_, evententit0_.log as log5_1_, evententit0_.quantity as quantity6_1_ from event evententit0_ where (? is null or evententit0_.level=?) and (? is null or evententit0_.description like ?) and (? is null or evententit0_.log like ?) and (? is null or evententit0_.application_id=?) and (cast(? as timestamp) is null or evententit0_.created_at=?) and (? is null or evententit0_.quantity=?)
2020-05-04 03:24:01.467  INFO 21289 --- [    Test worker] o.s.t.c.transaction.TransactionContext   : Rolled back transaction for test: [DefaultTestContext@568aaed testClass = EventRepositoryTest, testInstance = br.com.ErrorCenter.repositories.EventRepositoryTest@29772a22, testMethod = findByLog@EventRepositoryTest, testException = [null], mergedContextConfiguration = [MergedContextConfiguration@469c843d testClass = EventRepositoryTest, locations = '{}', classes = '{class br.com.ErrorCenter.ErrorCenterApplication}', contextInitializerClasses = '[]', activeProfiles = '{}', propertySourceLocations = '{}', propertySourceProperties = '{org.springframework.boot.test.autoconfigure.orm.jpa.DataJpaTestContextBootstrapper=true}', contextCustomizers = set[org.springframework.boot.test.autoconfigure.OverrideAutoConfigurationContextCustomizerFactory$DisableAutoConfigurationContextCustomizer@15902673, org.springframework.boot.test.autoconfigure.filter.TypeExcludeFiltersContextCustomizer@351584c0, org.springframework.boot.test.autoconfigure.properties.PropertyMappingContextCustomizer@86b27abc, org.springframework.boot.test.autoconfigure.web.servlet.WebDriverContextCustomizerFactory$Customizer@531fafa2, [ImportsContextCustomizer@7dc56bcc key = [org.springframework.boot.autoconfigure.cache.CacheAutoConfiguration, org.springframework.boot.autoconfigure.data.jpa.JpaRepositoriesAutoConfiguration, org.springframework.boot.autoconfigure.flyway.FlywayAutoConfiguration, org.springframework.boot.autoconfigure.jdbc.DataSourceAutoConfiguration, org.springframework.boot.autoconfigure.jdbc.DataSourceTransactionManagerAutoConfiguration, org.springframework.boot.autoconfigure.jdbc.JdbcTemplateAutoConfiguration, org.springframework.boot.autoconfigure.liquibase.LiquibaseAutoConfiguration, org.springframework.boot.autoconfigure.orm.jpa.HibernateJpaAutoConfiguration, org.springframework.boot.autoconfigure.transaction.TransactionAutoConfiguration, org.springframework.boot.test.autoconfigure.jdbc.TestDatabaseAutoConfiguration, org.springframework.boot.test.autoconfigure.orm.jpa.TestEntityManagerAutoConfiguration]], org.springframework.boot.test.context.filter.ExcludeFilterContextCustomizer@525ef699, org.springframework.boot.test.json.DuplicateJsonObjectContextCustomizerFactory$DuplicateJsonObjectContextCustomizer@1fd3f6b7, org.springframework.boot.test.mock.mockito.MockitoContextCustomizer@0], contextLoader = 'org.springframework.boot.test.context.SpringBootContextLoader', parent = [null]], attributes = map[[empty]]]
2020-05-04 03:24:01.470  INFO 21289 --- [    Test worker] o.s.t.c.transaction.TransactionContext   : Began transaction (1) for test context [DefaultTestContext@568aaed testClass = EventRepositoryTest, testInstance = br.com.ErrorCenter.repositories.EventRepositoryTest@435db0d8, testMethod = findByApplicationId@EventRepositoryTest, testException = [null], mergedContextConfiguration = [MergedContextConfiguration@469c843d testClass = EventRepositoryTest, locations = '{}', classes = '{class br.com.ErrorCenter.ErrorCenterApplication}', contextInitializerClasses = '[]', activeProfiles = '{}', propertySourceLocations = '{}', propertySourceProperties = '{org.springframework.boot.test.autoconfigure.orm.jpa.DataJpaTestContextBootstrapper=true}', contextCustomizers = set[org.springframework.boot.test.autoconfigure.OverrideAutoConfigurationContextCustomizerFactory$DisableAutoConfigurationContextCustomizer@15902673, org.springframework.boot.test.autoconfigure.filter.TypeExcludeFiltersContextCustomizer@351584c0, org.springframework.boot.test.autoconfigure.properties.PropertyMappingContextCustomizer@86b27abc, org.springframework.boot.test.autoconfigure.web.servlet.WebDriverContextCustomizerFactory$Customizer@531fafa2, [ImportsContextCustomizer@7dc56bcc key = [org.springframework.boot.autoconfigure.cache.CacheAutoConfiguration, org.springframework.boot.autoconfigure.data.jpa.JpaRepositoriesAutoConfiguration, org.springframework.boot.autoconfigure.flyway.FlywayAutoConfiguration, org.springframework.boot.autoconfigure.jdbc.DataSourceAutoConfiguration, org.springframework.boot.autoconfigure.jdbc.DataSourceTransactionManagerAutoConfiguration, org.springframework.boot.autoconfigure.jdbc.JdbcTemplateAutoConfiguration, org.springframework.boot.autoconfigure.liquibase.LiquibaseAutoConfiguration, org.springframework.boot.autoconfigure.orm.jpa.HibernateJpaAutoConfiguration, org.springframework.boot.autoconfigure.transaction.TransactionAutoConfiguration, org.springframework.boot.test.autoconfigure.jdbc.TestDatabaseAutoConfiguration, org.springframework.boot.test.autoconfigure.orm.jpa.TestEntityManagerAutoConfiguration]], org.springframework.boot.test.context.filter.ExcludeFilterContextCustomizer@525ef699, org.springframework.boot.test.json.DuplicateJsonObjectContextCustomizerFactory$DuplicateJsonObjectContextCustomizer@1fd3f6b7, org.springframework.boot.test.mock.mockito.MockitoContextCustomizer@0], contextLoader = 'org.springframework.boot.test.context.SpringBootContextLoader', parent = [null]], attributes = map[[empty]]]; transaction manager [org.springframework.orm.jpa.JpaTransactionManager@5b678c31]; rollback [true]
Hibernate: insert into application (created_at, email, name, password) values (?, ?, ?, ?)
Hibernate: insert into event (application_id, created_at, description, level, log, quantity) values (?, ?, ?, ?, ?, ?)
Hibernate: insert into event (application_id, created_at, description, level, log, quantity) values (?, ?, ?, ?, ?, ?)
Hibernate: insert into event (application_id, created_at, description, level, log, quantity) values (?, ?, ?, ?, ?, ?)
Hibernate: insert into event (application_id, created_at, description, level, log, quantity) values (?, ?, ?, ?, ?, ?)
Hibernate: select evententit0_.id as id1_1_, evententit0_.application_id as applicat7_1_, evententit0_.created_at as created_2_1_, evententit0_.description as descript3_1_, evententit0_.level as level4_1_, evententit0_.log as log5_1_, evententit0_.quantity as quantity6_1_ from event evententit0_ where (? is null or evententit0_.level=?) and (? is null or evententit0_.description like ?) and (? is null or evententit0_.log like ?) and (? is null or evententit0_.application_id=?) and (cast(? as timestamp) is null or evententit0_.created_at=?) and (? is null or evententit0_.quantity=?)
Hibernate: select evententit0_.id as id1_1_, evententit0_.application_id as applicat7_1_, evententit0_.created_at as created_2_1_, evententit0_.description as descript3_1_, evententit0_.level as level4_1_, evententit0_.log as log5_1_, evententit0_.quantity as quantity6_1_ from event evententit0_ where (? is null or evententit0_.level=?) and (? is null or evententit0_.description like ?) and (? is null or evententit0_.log like ?) and (? is null or evententit0_.application_id=?) and (cast(? as timestamp) is null or evententit0_.created_at=?) and (? is null or evententit0_.quantity=?)
2020-05-04 03:24:01.485  INFO 21289 --- [    Test worker] o.s.t.c.transaction.TransactionContext   : Rolled back transaction for test: [DefaultTestContext@568aaed testClass = EventRepositoryTest, testInstance = br.com.ErrorCenter.repositories.EventRepositoryTest@435db0d8, testMethod = findByApplicationId@EventRepositoryTest, testException = [null], mergedContextConfiguration = [MergedContextConfiguration@469c843d testClass = EventRepositoryTest, locations = '{}', classes = '{class br.com.ErrorCenter.ErrorCenterApplication}', contextInitializerClasses = '[]', activeProfiles = '{}', propertySourceLocations = '{}', propertySourceProperties = '{org.springframework.boot.test.autoconfigure.orm.jpa.DataJpaTestContextBootstrapper=true}', contextCustomizers = set[org.springframework.boot.test.autoconfigure.OverrideAutoConfigurationContextCustomizerFactory$DisableAutoConfigurationContextCustomizer@15902673, org.springframework.boot.test.autoconfigure.filter.TypeExcludeFiltersContextCustomizer@351584c0, org.springframework.boot.test.autoconfigure.properties.PropertyMappingContextCustomizer@86b27abc, org.springframework.boot.test.autoconfigure.web.servlet.WebDriverContextCustomizerFactory$Customizer@531fafa2, [ImportsContextCustomizer@7dc56bcc key = [org.springframework.boot.autoconfigure.cache.CacheAutoConfiguration, org.springframework.boot.autoconfigure.data.jpa.JpaRepositoriesAutoConfiguration, org.springframework.boot.autoconfigure.flyway.FlywayAutoConfiguration, org.springframework.boot.autoconfigure.jdbc.DataSourceAutoConfiguration, org.springframework.boot.autoconfigure.jdbc.DataSourceTransactionManagerAutoConfiguration, org.springframework.boot.autoconfigure.jdbc.JdbcTemplateAutoConfiguration, org.springframework.boot.autoconfigure.liquibase.LiquibaseAutoConfiguration, org.springframework.boot.autoconfigure.orm.jpa.HibernateJpaAutoConfiguration, org.springframework.boot.autoconfigure.transaction.TransactionAutoConfiguration, org.springframework.boot.test.autoconfigure.jdbc.TestDatabaseAutoConfiguration, org.springframework.boot.test.autoconfigure.orm.jpa.TestEntityManagerAutoConfiguration]], org.springframework.boot.test.context.filter.ExcludeFilterContextCustomizer@525ef699, org.springframework.boot.test.json.DuplicateJsonObjectContextCustomizerFactory$DuplicateJsonObjectContextCustomizer@1fd3f6b7, org.springframework.boot.test.mock.mockito.MockitoContextCustomizer@0], contextLoader = 'org.springframework.boot.test.context.SpringBootContextLoader', parent = [null]], attributes = map[[empty]]]
]]></system-out>
  <system-err><![CDATA[]]></system-err>
</testsuite>
