<?xml version="1.0" encoding="UTF-8"?>
<testsuite name="br.com.ErrorCenter.services.LoginServiceTest" tests="1" skipped="0" failures="0" errors="0" timestamp="2020-05-04T06:23:58" hostname="guerreiro" time="0.019">
  <properties/>
  <testcase name="loadUserByEmail" classname="br.com.ErrorCenter.services.LoginServiceTest" time="0.019"/>
  <system-out><![CDATA[]]></system-out>
  <system-err><![CDATA[]]></system-err>
</testsuite>
